\BOOKMARK [0][-]{chapter.1}{ভূমিকা}{}% 1
\BOOKMARK [0][-]{chapter.2}{পড়}{}% 2
\BOOKMARK [1][-]{section.2.1}{পরিসংখ্যানে দক্ষতা অর্জন যে কারণে প্রয়োজন}{chapter.2}% 3
\BOOKMARK [1][-]{section.2.2}{ডেটা দিয়ে আমরা আসলে কী করি?}{chapter.2}% 4
\BOOKMARK [1][-]{section.2.3}{বইটি যাদের জন্য}{chapter.2}% 5
\BOOKMARK [1][-]{section.2.4}{বইটি যেভাবে পড়তে হবে}{chapter.2}% 6
\BOOKMARK [1][-]{section.2.5}{R পরিচিতি}{chapter.2}% 7
\BOOKMARK [0][-]{chapter.3}{ডেটা সায়েন্স}{}% 8
\BOOKMARK [1][-]{section.3.1}{ডেটা সায়েন্স কী?}{chapter.3}% 9
\BOOKMARK [1][-]{section.3.2}{ডেটা সায়েন্স কোথায় ব্যবহৃত হচ্ছে?}{chapter.3}% 10
\BOOKMARK [1][-]{section.3.3}{মেশিন লারনিং}{chapter.3}% 11
\BOOKMARK [1][-]{section.3.4}{ডেটা সায়েন্টিস্টদের কাজের ধরণ}{chapter.3}% 12
\BOOKMARK [1][-]{section.3.5}{ডেটা সায়েন্স- আপনার উপযুক্ত জব কোনটি?}{chapter.3}% 13
\BOOKMARK [1][-]{section.3.6}{Data\040Scientist\040at\040GE}{chapter.3}% 14
\BOOKMARK [1][-]{section.3.7}{সোর্সিং}{chapter.3}% 15
\BOOKMARK [1][-]{section.3.8}{ইটিএল}{chapter.3}% 16
\BOOKMARK [0][-]{chapter.4}{Methods}{}% 17
\BOOKMARK [0][-]{chapter.5}{Applications}{}% 18
\BOOKMARK [1][-]{section.5.1}{Example\040one}{chapter.5}% 19
\BOOKMARK [1][-]{section.5.2}{Example\040two}{chapter.5}% 20
\BOOKMARK [0][-]{chapter.6}{Final\040Words}{}% 21
